#-----------------------------------------------------------
# Vivado v2018.2 (64-bit)
# SW Build 2258646 on Thu Jun 14 20:03:12 MDT 2018
# IP Build 2256618 on Thu Jun 14 22:10:49 MDT 2018
# Start of session at: Wed Feb 18 01:43:45 2026
# Process ID: 8308
# Current directory: C:/Users/User/Documents/DSD Lab/Lab_1/Misc
# Command line: vivado.exe -gui_launcher_event rodinguilauncherevent7940 C:\Users\User\Documents\DSD Lab\Lab_1\Misc\and_gate1.xpr
# Log file: C:/Users/User/Documents/DSD Lab/Lab_1/Misc/vivado.log
# Journal file: C:/Users/User/Documents/DSD Lab/Lab_1/Misc\vivado.jou
#-----------------------------------------------------------
start_gui
open_project {C:/Users/User/Documents/DSD Lab/Lab_1/Misc/and_gate1.xpr}
INFO: [Project 1-313] Project file moved from 'C:/Users/User/Documents/DSD Lab/and_gate1' since last save.
WARNING: [Project 1-312] File not found as 'C:/Users/User/Documents/DSD Lab/Lab_1/and_gate.sv'; using path 'C:/Users/User/Documents/DSD Lab/and_gate.sv' instead.
WARNING: [Project 1-312] File not found as 'C:/Users/User/Documents/DSD Lab/Lab_1/Misc/and_gate1.srcs/constrs_1/new/and_gate.xdc'; using path 'C:/Users/User/Documents/DSD Lab/and_gate1/and_gate1.srcs/constrs_1/new/and_gate.xdc' instead.
Scanning sources...
Finished scanning sources
WARNING: [Project 1-509] GeneratedRun file for 'synth_1' not found
WARNING: [Project 1-509] GeneratedRun file for 'impl_1' not found
INFO: [filemgmt 56-1] IPUserFilesDir: Directory not found as 'C:/Users/User/Documents/DSD Lab/Lab_1/Misc/and_gate1.ip_user_files'; using path 'C:/Users/User/Documents/DSD Lab/and_gate1/and_gate1.ip_user_files' instead.
INFO: [IP_Flow 19-234] Refreshing IP repositories
INFO: [IP_Flow 19-1704] No user IP repositories specified
INFO: [IP_Flow 19-2313] Loaded Vivado IP repository 'C:/Xilinx/Vivado/2018.2/data/ip'.
open_project: Time (s): cpu = 00:00:11 ; elapsed = 00:00:10 . Memory (MB): peak = 835.992 ; gain = 107.453
update_compile_order -fileset sources_1
launch_runs synth_1 -jobs 6
[Wed Feb 18 01:46:33 2026] Launched synth_1...
Run output will be captured here: C:/Users/User/Documents/DSD Lab/Lab_1/Misc/and_gate1.runs/synth_1/runme.log
launch_runs impl_1 -jobs 6
[Wed Feb 18 01:47:20 2026] Launched impl_1...
Run output will be captured here: C:/Users/User/Documents/DSD Lab/Lab_1/Misc/and_gate1.runs/impl_1/runme.log
exit
INFO: [Common 17-206] Exiting Vivado at Wed Feb 18 01:50:46 2026...
